[0m01:55:34.735459 [debug] [MainThread]: Sending event: {'category': 'dbt', 'action': 'invocation', 'label': 'start', 'context': [<snowplow_tracker.self_describing_json.SelfDescribingJson object at 0x121dc1b50>, <snowplow_tracker.self_describing_json.SelfDescribingJson object at 0x12202d2e0>, <snowplow_tracker.self_describing_json.SelfDescribingJson object at 0x12202cf50>]}


============================== 01:55:34.740574 | 11bb10ec-a8b5-475d-b4ab-927aa8d1e712 ==============================
[0m01:55:34.740574 [info ] [MainThread]: Running with dbt=1.9.4
[0m01:55:34.740985 [debug] [MainThread]: running dbt with arguments {'printer_width': '80', 'indirect_selection': 'eager', 'log_cache_events': 'False', 'write_json': 'True', 'partial_parse': 'True', 'cache_selected_only': 'False', 'warn_error': 'None', 'version_check': 'True', 'fail_fast': 'False', 'log_path': 'logs', 'profiles_dir': '/Users/chunghyeon/.dbt', 'debug': 'False', 'use_colors': 'True', 'use_experimental_parser': 'False', 'no_print': 'None', 'quiet': 'False', 'empty': 'None', 'warn_error_options': 'WarnErrorOptions(include=[], exclude=[])', 'introspect': 'True', 'log_format': 'default', 'static_parser': 'True', 'target_path': 'None', 'invocation_command': 'dbt init', 'send_anonymous_usage_stats': 'True'}
[0m01:55:46.038002 [debug] [MainThread]: Starter project path: /opt/anaconda3/envs/dbt-learn/lib/python3.12/site-packages/dbt/include/starter_project
[0m01:55:46.045420 [info ] [MainThread]: 
Your new dbt project "my_first_dbt_project" was created!

For more information on how to configure the profiles.yml file,
please consult the dbt documentation here:

  https://docs.getdbt.com/docs/configure-your-profile

One more thing:

Need help? Don't hesitate to reach out to us via GitHub issues or on Slack:

  https://community.getdbt.com/

Happy modeling!

[0m01:55:46.045794 [info ] [MainThread]: Setting up your profile.
[0m01:55:55.550718 [debug] [MainThread]: Resource report: {"command_name": "init", "command_success": true, "command_wall_clock_time": 20.86111, "process_in_blocks": "0", "process_kernel_time": 0.202326, "process_mem_max_rss": "110067712", "process_out_blocks": "0", "process_user_time": 0.801204}
[0m01:55:55.551148 [debug] [MainThread]: Command `dbt init` succeeded at 01:55:55.551076 after 20.86 seconds
[0m01:55:55.551383 [debug] [MainThread]: Sending event: {'category': 'dbt', 'action': 'invocation', 'label': 'end', 'context': [<snowplow_tracker.self_describing_json.SelfDescribingJson object at 0x121dc1b50>, <snowplow_tracker.self_describing_json.SelfDescribingJson object at 0x102842bd0>, <snowplow_tracker.self_describing_json.SelfDescribingJson object at 0x12184ac30>]}
[0m01:55:55.551616 [debug] [MainThread]: Flushing usage events
[0m01:55:56.404852 [debug] [MainThread]: An error was encountered while trying to flush usage events
[0m04:35:54.253431 [debug] [MainThread]: Sending event: {'category': 'dbt', 'action': 'invocation', 'label': 'start', 'context': [<snowplow_tracker.self_describing_json.SelfDescribingJson object at 0x106d0c9e0>, <snowplow_tracker.self_describing_json.SelfDescribingJson object at 0x108e5dc40>, <snowplow_tracker.self_describing_json.SelfDescribingJson object at 0x108e5d9a0>]}


============================== 04:35:54.268090 | a4a75bd9-bf91-400c-bfda-2aa15cd5cdef ==============================
[0m04:35:54.268090 [info ] [MainThread]: Running with dbt=1.9.4
[0m04:35:54.270764 [debug] [MainThread]: running dbt with arguments {'printer_width': '80', 'indirect_selection': 'eager', 'log_cache_events': 'False', 'write_json': 'True', 'partial_parse': 'True', 'cache_selected_only': 'False', 'profiles_dir': '/Users/chunghyeon/.dbt', 'version_check': 'True', 'fail_fast': 'False', 'log_path': 'logs', 'warn_error': 'None', 'debug': 'False', 'use_colors': 'True', 'use_experimental_parser': 'False', 'empty': 'None', 'quiet': 'False', 'no_print': 'None', 'log_format': 'default', 'introspect': 'True', 'invocation_command': 'dbt ls', 'warn_error_options': 'WarnErrorOptions(include=[], exclude=[])', 'target_path': 'None', 'static_parser': 'True', 'send_anonymous_usage_stats': 'True'}
[0m04:35:54.271373 [error] [MainThread]: Encountered an error:
Runtime Error
  No dbt_project.yml found at expected path /Users/chunghyeon/Desktop/Project/dbt-learn/dbt_project.yml
  Verify that each entry within packages.yml (and their transitive dependencies) contains a file named dbt_project.yml
  
[0m04:35:54.286924 [debug] [MainThread]: Resource report: {"command_name": "list", "command_success": false, "command_wall_clock_time": 0.1155175, "process_in_blocks": "0", "process_kernel_time": 0.208535, "process_mem_max_rss": "97665024", "process_out_blocks": "0", "process_user_time": 0.78625}
[0m04:35:54.288486 [debug] [MainThread]: Command `dbt ls` failed at 04:35:54.288307 after 0.12 seconds
[0m04:35:54.289169 [debug] [MainThread]: Sending event: {'category': 'dbt', 'action': 'invocation', 'label': 'end', 'context': [<snowplow_tracker.self_describing_json.SelfDescribingJson object at 0x108b0d670>, <snowplow_tracker.self_describing_json.SelfDescribingJson object at 0x108cdc6e0>, <snowplow_tracker.self_describing_json.SelfDescribingJson object at 0x108cdecf0>]}
[0m04:35:54.289900 [debug] [MainThread]: Flushing usage events
[0m04:35:55.205116 [debug] [MainThread]: An error was encountered while trying to flush usage events
